Using pre-set license
Built from '2020.3/staging' branch; Version is '2020.3.14f1 (d0d1bb862f9d) revision 13685179'; Using compiler version '192528614'; Build Type 'Release'
OS: 'Windows 10 Education; OS build 19042.1237; Version 2009; 64bit' Language: 'en' Physical Memory: 16180 MB
BatchMode: 1, IsHumanControllingUs: 0, StartBugReporterOnCrash: 0, Is64bit: 1, IsPro: 0

 COMMAND LINE ARGUMENTS:
C:\Program Files\Unity\Editor\Unity.exe
-adb2
-batchMode
-noUpm
-name
AssetImportWorker0
-projectPath
C:/Users/W0424405/LevelDesign_Probuilder_CityScape
-logFile
Logs/AssetImportWorker0.log
-srvPort
53069
Successfully changed project path to: C:/Users/W0424405/LevelDesign_Probuilder_CityScape
C:/Users/W0424405/LevelDesign_Probuilder_CityScape
Using Asset Import Pipeline V2.
Refreshing native plugins compatible for Editor in 31.56 ms, found 2 plugins.
Preloading 0 native plugins for Editor in 0.00 ms.
Initialize engine version: 2020.3.14f1 (d0d1bb862f9d)
[Subsystems] Discovering subsystems at path C:/Program Files/Unity/Editor/Data/Resources/UnitySubsystems
[Subsystems] Discovering subsystems at path C:/Users/W0424405/LevelDesign_Probuilder_CityScape/Assets
GfxDevice: creating device client; threaded=0
Direct3D:
    Version:  Direct3D 11.0 [level 11.0]
    Renderer: NVIDIA Quadro K2200 (ID=0x13ba)
    Vendor:   
    VRAM:     4053 MB
    Driver:   27.21.14.6192
Initialize mono
Mono path[0] = 'C:/Program Files/Unity/Editor/Data/Managed'
Mono path[1] = 'C:/Program Files/Unity/Editor/Data/MonoBleedingEdge/lib/mono/unityjit'
Mono config path = 'C:/Program Files/Unity/Editor/Data/MonoBleedingEdge/etc'
Using monoOptions --debugger-agent=transport=dt_socket,embedding=1,server=y,suspend=n,address=127.0.0.1:56680
Begin MonoManager ReloadAssembly
Registering precompiled unity dll's ...
Register platform support module: C:/Program Files/Unity/Editor/Data/PlaybackEngines/WindowsStandaloneSupport/UnityEditor.WindowsStandalone.Extensions.dll
Registered in 0.112758 seconds.
Native extension for WindowsStandalone target not found
Refreshing native plugins compatible for Editor in 29.13 ms, found 2 plugins.
Preloading 0 native plugins for Editor in 0.00 ms.
Mono: successfully reloaded assembly
- Completed reload, in  3.488 seconds
Domain Reload Profiling:
	ReloadAssembly (3488ms)
		BeginReloadAssembly (2151ms)
			ExecutionOrderSort (0ms)
			DisableScriptedObjects (0ms)
			BackupInstance (0ms)
			ReleaseScriptingObjects (0ms)
			CreateAndSetChildDomain (1ms)
		EndReloadAssembly (616ms)
			LoadAssemblies (2152ms)
			RebuildTransferFunctionScriptingTraits (0ms)
			SetupTypeCache (359ms)
			ReleaseScriptCaches (0ms)
			RebuildScriptCaches (32ms)
			SetupLoadedEditorAssemblies (147ms)
				LogAssemblyErrors (0ms)
				InitializePlatformSupportModulesInManaged (4ms)
				SetLoadedEditorAssemblies (0ms)
				RefreshPlugins (29ms)
				BeforeProcessingInitializeOnLoad (6ms)
				ProcessInitializeOnLoadAttributes (77ms)
				ProcessInitializeOnLoadMethodAttributes (30ms)
				AfterProcessingInitializeOnLoad (0ms)
				EditorAssembliesLoaded (0ms)
			ExecutionOrderSort2 (0ms)
			AwakeInstancesAfterBackupRestoration (0ms)
Platform modules already initialized, skipping
Registering precompiled user dll's ...
Registered in 0.468556 seconds.
Begin MonoManager ReloadAssembly
Native extension for WindowsStandalone target not found
Refreshing native plugins compatible for Editor in 0.34 ms, found 2 plugins.
Preloading 0 native plugins for Editor in 0.00 ms.
Mono: successfully reloaded assembly
- Completed reload, in  3.039 seconds
Domain Reload Profiling:
	ReloadAssembly (3043ms)
		BeginReloadAssembly (141ms)
			ExecutionOrderSort (0ms)
			DisableScriptedObjects (4ms)
			BackupInstance (0ms)
			ReleaseScriptingObjects (0ms)
			CreateAndSetChildDomain (18ms)
		EndReloadAssembly (2840ms)
			LoadAssemblies (1523ms)
			RebuildTransferFunctionScriptingTraits (0ms)
			SetupTypeCache (750ms)
			ReleaseScriptCaches (0ms)
			RebuildScriptCaches (40ms)
			SetupLoadedEditorAssemblies (441ms)
				LogAssemblyErrors (0ms)
				InitializePlatformSupportModulesInManaged (4ms)
				SetLoadedEditorAssemblies (0ms)
				RefreshPlugins (0ms)
				BeforeProcessingInitializeOnLoad (68ms)
				ProcessInitializeOnLoadAttributes (358ms)
				ProcessInitializeOnLoadMethodAttributes (4ms)
				AfterProcessingInitializeOnLoad (6ms)
				EditorAssembliesLoaded (0ms)
			ExecutionOrderSort2 (0ms)
			AwakeInstancesAfterBackupRestoration (6ms)
Platform modules already initialized, skipping
========================================================================
Worker process is ready to serve import requests
Launched and connected shader compiler UnityShaderCompiler.exe after 0.04 seconds
Refreshing native plugins compatible for Editor in 0.39 ms, found 2 plugins.
Preloading 0 native plugins for Editor in 0.00 ms.
Unloading 1780 Unused Serialized files (Serialized files now loaded: 0)
System memory in use before: 81.7 MB.
System memory in use after: 81.7 MB.

Unloading 19 unused Assets to reduce memory usage. Loaded Objects now: 2217.
Total: 2.196300 ms (FindLiveObjects: 0.146700 ms CreateObjectMapping: 0.052000 ms MarkObjects: 1.915200 ms  DeleteObjects: 0.081800 ms)

AssetImportParameters requested are different than current active one (requested -> active):
  custom:framework-win-MediaFoundation: 216162199b28c13a410421893ffa2e32 -> 
  custom:video-decoder-ogg-theora: a1e56fd34408186e4bbccfd4996cb3dc -> 
  custom:container-muxer-webm: aa71ff27fc2769a1b78a27578f13a17b -> 
  custom:container-demuxer-webm: 4f35f7cbe854078d1ac9338744f61a02 -> 
  custom:container-demuxer-ogg: 62fdf1f143b41e24485cea50d1cbac27 -> 
  custom:video-encoder-webm-vp8: eb34c28f22e8b96e1ab97ce403110664 -> 
  custom:video-decoder-webm-vp8: 9c59270c3fd7afecdb556c50c9e8de78 -> 
  custom:audio-decoder-ogg-vorbis: bf7c407c2cedff20999df2af8eb42d56 -> 
  custom:audio-encoder-webm-vorbis: bf7c407c2cedff20999df2af8eb42d56 -> 
========================================================================
Received Import Request.
  path: Assets/CityGray.mat
  artifactKey: Guid(d4677cd016aca104cb394b5d91a7af1f) Importer(815301076,1909f56bfc062723c751e8b465ee728b)
Start importing Assets/CityGray.mat using Guid(d4677cd016aca104cb394b5d91a7af1f) Importer(815301076,1909f56bfc062723c751e8b465ee728b)  -> (artifact id: 'c8c9049f93e17f41b86706c36ce4bc98') in 0.101378 seconds 
  Import took 0.103900 seconds .

========================================================================
Received Import Request.
  Time since last request: 77.510876 seconds.
  path: Assets/Windows.mat
  artifactKey: Guid(7143a5df28c30974eb0342ab0ab9edc3) Importer(815301076,1909f56bfc062723c751e8b465ee728b)
Start importing Assets/Windows.mat using Guid(7143a5df28c30974eb0342ab0ab9edc3) Importer(815301076,1909f56bfc062723c751e8b465ee728b)  -> (artifact id: 'b8d7df6aff131d23827dc3c9c08f17d8') in 0.018374 seconds 
  Import took 0.021110 seconds .

========================================================================
Received Import Request.
  Time since last request: 84.479320 seconds.
  path: Assets
  artifactKey: Guid(00000000000000001000000000000000) Importer(815301076,1909f56bfc062723c751e8b465ee728b)
Start importing Assets using Guid(00000000000000001000000000000000) Importer(815301076,1909f56bfc062723c751e8b465ee728b)  -> (artifact id: '42d402b061de3733987d63b9cc3b64de') in 0.008367 seconds 
  Import took 0.011073 seconds .

========================================================================
Received Import Request.
  Time since last request: 9.328614 seconds.
  path: Assets/pool.mat
  artifactKey: Guid(ec77eac3c1ec76e4a882ae3a333b2f3f) Importer(815301076,1909f56bfc062723c751e8b465ee728b)
Start importing Assets/pool.mat using Guid(ec77eac3c1ec76e4a882ae3a333b2f3f) Importer(815301076,1909f56bfc062723c751e8b465ee728b)  -> (artifact id: '642cd264260858e065d8f9d8ae8962f6') in 0.018108 seconds 
  Import took 0.021111 seconds .

========================================================================
Received Import Request.
  Time since last request: 226.439196 seconds.
  path: Assets/BillBorard.mat
  artifactKey: Guid(599e061b767158d4ea6b2c37ecac0d84) Importer(815301076,1909f56bfc062723c751e8b465ee728b)
Start importing Assets/BillBorard.mat using Guid(599e061b767158d4ea6b2c37ecac0d84) Importer(815301076,1909f56bfc062723c751e8b465ee728b)  -> (artifact id: '731e98066ada23c076569cc529a90985') in 0.018441 seconds 
  Import took 0.021775 seconds .

========================================================================
Received Import Request.
  Time since last request: 438.563655 seconds.
  path: Assets/CityGray.mat
  artifactKey: Guid(d4677cd016aca104cb394b5d91a7af1f) Importer(815301076,1909f56bfc062723c751e8b465ee728b)
Start importing Assets/CityGray.mat using Guid(d4677cd016aca104cb394b5d91a7af1f) Importer(815301076,1909f56bfc062723c751e8b465ee728b)  -> (artifact id: 'd925023d65620e16cf5ab05a60a0f163') in 0.017144 seconds 
  Import took 0.020909 seconds .

========================================================================
Received Import Request.
  Time since last request: 0.000265 seconds.
  path: Assets/pool.mat
  artifactKey: Guid(ec77eac3c1ec76e4a882ae3a333b2f3f) Importer(815301076,1909f56bfc062723c751e8b465ee728b)
Start importing Assets/pool.mat using Guid(ec77eac3c1ec76e4a882ae3a333b2f3f) Importer(815301076,1909f56bfc062723c751e8b465ee728b)  -> (artifact id: 'b076340b94f4eb90bffd6d0124d6405c') in 0.013510 seconds 
  Import took 0.016689 seconds .

========================================================================
Received Import Request.
  Time since last request: 0.000317 seconds.
  path: Assets/Windows.mat
  artifactKey: Guid(7143a5df28c30974eb0342ab0ab9edc3) Importer(815301076,1909f56bfc062723c751e8b465ee728b)
Start importing Assets/Windows.mat using Guid(7143a5df28c30974eb0342ab0ab9edc3) Importer(815301076,1909f56bfc062723c751e8b465ee728b)  -> (artifact id: '12a2defc84c632d10ce73b108e0ae8ec') in 0.018042 seconds 
  Import took 0.020896 seconds .

========================================================================
Received Import Request.
  Time since last request: 0.000206 seconds.
  path: Assets/pool.mat
  artifactKey: Guid(ec77eac3c1ec76e4a882ae3a333b2f3f) Importer(815301076,1909f56bfc062723c751e8b465ee728b)
Start importing Assets/pool.mat using Guid(ec77eac3c1ec76e4a882ae3a333b2f3f) Importer(815301076,1909f56bfc062723c751e8b465ee728b)  -> (artifact id: 'b076340b94f4eb90bffd6d0124d6405c') in 0.012173 seconds 
  Import took 0.014961 seconds .

AssetImportWorkerClient::OnTransportError - code=2 error=End of file
